<?xml version="1.0" encoding="UTF-8"?>
<!-- Generated by org.testng.reporters.JUnitReportReporter -->
<testsuite hostname="Amit-PC" name="com.vit.FlipkartAssignment.Flipkart_Demo" tests="1" failures="0" timestamp="21 Jul 2019 13:50:08 GMT" time="22.361" errors="0">
  <testcase name="store_data_to_HashMap" time="22.361" classname="com.vit.FlipkartAssignment.Flipkart_Demo"/>
</testsuite> <!-- com.vit.FlipkartAssignment.Flipkart_Demo -->
